# JRE version: OpenJDK Runtime Environment (8.0_152-b01) (build 1.8.0_152-release-1343-b01)
# Java VM: OpenJDK 64-Bit Server VM (25.152-b01 mixed mode windows-amd64 compressed oops)
Heap:
 PSYoungGen      total 249856K, used 48379K [0x00000000e0000000, 0x00000000f0300000, 0x0000000100000000)
  eden space 234496K, 14% used [0x00000000e0000000,0x00000000e203fd58,0x00000000ee500000)
  from space 15360K, 99% used [0x00000000ee500000,0x00000000ef3ff090,0x00000000ef400000)
  to   space 10752K, 0% used [0x00000000ef880000,0x00000000ef880000,0x00000000f0300000)
 ParOldGen       total 58368K, used 24875K [0x00000000a0000000, 0x00000000a3900000, 0x00000000e0000000)
  object space 58368K, 42% used [0x00000000a0000000,0x00000000a184afc0,0x00000000a3900000)
 Metaspace       used 56238K, capacity 57578K, committed 57856K, reserved 1099776K
  class space    used 7529K, capacity 7898K, committed 7936K, reserved 1048576K
GC Heap History (10 events):
Event: 5.899 GC heap before
{Heap before GC invocations=5 (full 1):
 PSYoungGen      total 138240K, used 5112K [0x00000000e0000000, 0x00000000e8c00000, 0x0000000100000000)
  eden space 133120K, 0% used [0x00000000e0000000,0x00000000e0000000,0x00000000e8200000)
  from space 5120K, 99% used [0x00000000e8700000,0x00000000e8bfe040,0x00000000e8c00000)
  to   space 5120K, 0% used [0x00000000e8200000,0x00000000e8200000,0x00000000e8700000)
 ParOldGen       total 87552K, used 11185K [0x00000000a0000000, 0x00000000a5580000, 0x00000000e0000000)
  object space 87552K, 12% used [0x00000000a0000000,0x00000000a0aec6c8,0x00000000a5580000)
 Metaspace       used 20642K, capacity 21130K, committed 21296K, reserved 1067008K
  class space    used 2900K, capacity 3091K, committed 3200K, reserved 1048576K
Event: 5.942 GC heap after
Heap after GC invocations=5 (full 1):
 PSYoungGen      total 138240K, used 0K [0x00000000e0000000, 0x00000000e8c00000, 0x0000000100000000)
  eden space 133120K, 0% used [0x00000000e0000000,0x00000000e0000000,0x00000000e8200000)
  from space 5120K, 0% used [0x00000000e8700000,0x00000000e8700000,0x00000000e8c00000)
  to   space 5120K, 0% used [0x00000000e8200000,0x00000000e8200000,0x00000000e8700000)
 ParOldGen       total 58368K, used 10878K [0x00000000a0000000, 0x00000000a3900000, 0x00000000e0000000)
  object space 58368K, 18% used [0x00000000a0000000,0x00000000a0a9f838,0x00000000a3900000)
 Metaspace       used 20642K, capacity 21130K, committed 21296K, reserved 1067008K
  class space    used 2900K, capacity 3091K, committed 3200K, reserved 1048576K
}
Event: 7.989 GC heap before
{Heap before GC invocations=6 (full 1):
 PSYoungGen      total 138240K, used 133120K [0x00000000e0000000, 0x00000000e8c00000, 0x0000000100000000)
  eden space 133120K, 100% used [0x00000000e0000000,0x00000000e8200000,0x00000000e8200000)
  from space 5120K, 0% used [0x00000000e8700000,0x00000000e8700000,0x00000000e8c00000)
  to   space 5120K, 0% used [0x00000000e8200000,0x00000000e8200000,0x00000000e8700000)
 ParOldGen       total 58368K, used 10878K [0x00000000a0000000, 0x00000000a3900000, 0x00000000e0000000)
  object space 58368K, 18% used [0x00000000a0000000,0x00000000a0a9f838,0x00000000a3900000)
 Metaspace       used 32174K, capacity 32800K, committed 33152K, reserved 1077248K
  class space    used 4422K, capacity 4622K, committed 4736K, reserved 1048576K
Event: 8.004 GC heap after
Heap after GC invocations=6 (full 1):
 PSYoungGen      total 138240K, used 5120K [0x00000000e0000000, 0x00000000f0800000, 0x0000000100000000)
  eden space 133120K, 0% used [0x00000000e0000000,0x00000000e0000000,0x00000000e8200000)
  from space 5120K, 100% used [0x00000000e8200000,0x00000000e8700000,0x00000000e8700000)
  to   space 15872K, 0% used [0x00000000ef880000,0x00000000ef880000,0x00000000f0800000)
 ParOldGen       total 58368K, used 18864K [0x00000000a0000000, 0x00000000a3900000, 0x00000000e0000000)
  object space 58368K, 32% used [0x00000000a0000000,0x00000000a126c330,0x00000000a3900000)
 Metaspace       used 32174K, capacity 32800K, committed 33152K, reserved 1077248K
  class space    used 4422K, capacity 4622K, committed 4736K, reserved 1048576K
}
Event: 9.118 GC heap before
{Heap before GC invocations=7 (full 1):
 PSYoungGen      total 138240K, used 51381K [0x00000000e0000000, 0x00000000f0800000, 0x0000000100000000)
  eden space 133120K, 34% used [0x00000000e0000000,0x00000000e2d2d4f0,0x00000000e8200000)
  from space 5120K, 100% used [0x00000000e8200000,0x00000000e8700000,0x00000000e8700000)
  to   space 15872K, 0% used [0x00000000ef880000,0x00000000ef880000,0x00000000f0800000)
 ParOldGen       total 58368K, used 18864K [0x00000000a0000000, 0x00000000a3900000, 0x00000000e0000000)
  object space 58368K, 32% used [0x00000000a0000000,0x00000000a126c330,0x00000000a3900000)
 Metaspace       used 34708K, capacity 35408K, committed 35456K, reserved 1079296K
  class space    used 4778K, capacity 4987K, committed 4992K, reserved 1048576K
Event: 9.129 GC heap after
Heap after GC invocations=7 (full 1):
 PSYoungGen      total 245248K, used 9527K [0x00000000e0000000, 0x00000000f0300000, 0x0000000100000000)
  eden space 234496K, 0% used [0x00000000e0000000,0x00000000e0000000,0x00000000ee500000)
  from space 10752K, 88% used [0x00000000ef880000,0x00000000f01cdea8,0x00000000f0300000)
  to   space 15360K, 0% used [0x00000000ee500000,0x00000000ee500000,0x00000000ef400000)
 ParOldGen       total 58368K, used 18872K [0x00000000a0000000, 0x00000000a3900000, 0x00000000e0000000)
  object space 58368K, 32% used [0x00000000a0000000,0x00000000a126e330,0x00000000a3900000)
 Metaspace       used 34708K, capacity 35408K, committed 35456K, reserved 1079296K
  class space    used 4778K, capacity 4987K, committed 4992K, reserved 1048576K
}
Event: 9.129 GC heap before
{Heap before GC invocations=8 (full 2):
 PSYoungGen      total 245248K, used 9527K [0x00000000e0000000, 0x00000000f0300000, 0x0000000100000000)
  eden space 234496K, 0% used [0x00000000e0000000,0x00000000e0000000,0x00000000ee500000)
  from space 10752K, 88% used [0x00000000ef880000,0x00000000f01cdea8,0x00000000f0300000)
  to   space 15360K, 0% used [0x00000000ee500000,0x00000000ee500000,0x00000000ef400000)
 ParOldGen       total 58368K, used 18872K [0x00000000a0000000, 0x00000000a3900000, 0x00000000e0000000)
  object space 58368K, 32% used [0x00000000a0000000,0x00000000a126e330,0x00000000a3900000)
 Metaspace       used 34708K, capacity 35408K, committed 35456K, reserved 1079296K
  class space    used 4778K, capacity 4987K, committed 4992K, reserved 1048576K
Event: 9.203 GC heap after
Heap after GC invocations=8 (full 2):
 PSYoungGen      total 245248K, used 0K [0x00000000e0000000, 0x00000000f0300000, 0x0000000100000000)
  eden space 234496K, 0% used [0x00000000e0000000,0x00000000e0000000,0x00000000ee500000)
  from space 10752K, 0% used [0x00000000ef880000,0x00000000ef880000,0x00000000f0300000)
  to   space 15360K, 0% used [0x00000000ee500000,0x00000000ee500000,0x00000000ef400000)
 ParOldGen       total 58368K, used 16754K [0x00000000a0000000, 0x00000000a3900000, 0x00000000e0000000)
  object space 58368K, 28% used [0x00000000a0000000,0x00000000a105ca20,0x00000000a3900000)
 Metaspace       used 34708K, capacity 35408K, committed 35456K, reserved 1079296K
  class space    used 4778K, capacity 4987K, committed 4992K, reserved 1048576K
}
Event: 19.463 GC heap before
{Heap before GC invocations=9 (full 2):
 PSYoungGen      total 245248K, used 234496K [0x00000000e0000000, 0x00000000f0300000, 0x0000000100000000)
  eden space 234496K, 100% used [0x00000000e0000000,0x00000000ee500000,0x00000000ee500000)
  from space 10752K, 0% used [0x00000000ef880000,0x00000000ef880000,0x00000000f0300000)
  to   space 15360K, 0% used [0x00000000ee500000,0x00000000ee500000,0x00000000ef400000)
 ParOldGen       total 58368K, used 16754K [0x00000000a0000000, 0x00000000a3900000, 0x00000000e0000000)
  object space 58368K, 28% used [0x00000000a0000000,0x00000000a105ca20,0x00000000a3900000)
 Metaspace       used 54068K, capacity 55508K, committed 55808K, reserved 1097728K
  class space    used 7257K, capacity 7633K, committed 7680K, reserved 1048576K
Event: 19.487 GC heap after
Heap after GC invocations=9 (full 2):
 PSYoungGen      total 249856K, used 15356K [0x00000000e0000000, 0x00000000f0300000, 0x0000000100000000)
  eden space 234496K, 0% used [0x00000000e0000000,0x00000000e0000000,0x00000000ee500000)
  from space 15360K, 99% used [0x00000000ee500000,0x00000000ef3ff090,0x00000000ef400000)
  to   space 10752K, 0% used [0x00000000ef880000,0x00000000ef880000,0x00000000f0300000)
 ParOldGen       total 58368K, used 24875K [0x00000000a0000000, 0x00000000a3900000, 0x00000000e0000000)
  object space 58368K, 42% used [0x00000000a0000000,0x00000000a184afc0,0x00000000a3900000)
 Metaspace       used 54068K, capacity 55508K, committed 55808K, reserved 1097728K
  class space    used 7257K, capacity 7633K, committed 7680K, reserved 1048576K
}

